Total instruction: 7861921
Total cycles: 24092611
Total IPC: 0.326321
Total D-cache miss: 7192
Total D-cache hit: 2865329
Total data hazard: 1536278
Total control hazard : 1320811
Total DRAM ROW BUFFER Hit: 2089
Total DRAM ROW BUFFER Miss: 940
Total Store-load forwarding: 28
Total Branch Predictor Mispredictions: 50706
Total Branch Predictor OK predictions: 1270105
Total DTLB Hit: 2563845
Total DTLB Miss: 154338



THREAD instruction: 7861921 Thread id: 0
THREAD IPC: 0.326321
THREAD D-cache miss: 7192 Thread id: 0
THREAD D-cache hit: 2865329 Thread id: 0
THREAD data hazard: 1536278 Thread id: 0
THREAD control hazard : 1320811 Thread id: 0
THREAD Store-load forwarding: 28 Thread id: 0
THREAD Branch Predictor Mispredictions: 50706 Thread id: 0
THREAD Branch Predictor OK predictions: 1270105 Thread id: 0
THREAD DTLB Hit: 2563845 Thread id: 0
THREAD DTLB Miss: 154338 Thread id: 0
