Total instruction: 19742295
Total cycles: 65962050
Total IPC: 0.299298
Total D-cache miss: 3313
Total D-cache hit: 10114802
Total data hazard: 1126247
Total control hazard : 2387860
Total DRAM ROW BUFFER Hit: 903
Total DRAM ROW BUFFER Miss: 532
Total Store-load forwarding: 19
Total Branch Predictor Mispredictions: 158644
Total Branch Predictor OK predictions: 2229216
Total DTLB Hit: 0
Total DTLB Miss: 0



THREAD instruction: 19742295 Thread id: 0
THREAD IPC: 0.299298
THREAD D-cache miss: 3313 Thread id: 0
THREAD D-cache hit: 10114802 Thread id: 0
THREAD data hazard: 1126247 Thread id: 0
THREAD control hazard : 2387860 Thread id: 0
THREAD Store-load forwarding: 19 Thread id: 0
THREAD Branch Predictor Mispredictions: 158644 Thread id: 0
THREAD Branch Predictor OK predictions: 2229216 Thread id: 0
THREAD DTLB Hit: 0 Thread id: 0
THREAD DTLB Miss: 0 Thread id: 0
