Total instruction: 19742295
Total cycles: 66340999
Total IPC: 0.297588
Total D-cache miss: 3325
Total D-cache hit: 10117847
Total data hazard: 1128484
Total control hazard : 2387860
Total DRAM ROW BUFFER Hit: 907
Total DRAM ROW BUFFER Miss: 550
Total Store-load forwarding: 19
Total Branch Predictor Mispredictions: 279580
Total Branch Predictor OK predictions: 2108280
Total DTLB Hit: 10115058
Total DTLB Miss: 3057



THREAD instruction: 19742295 Thread id: 0
THREAD IPC: 0.297588
THREAD D-cache miss: 3325 Thread id: 0
THREAD D-cache hit: 10117847 Thread id: 0
THREAD data hazard: 1128484 Thread id: 0
THREAD control hazard : 2387860 Thread id: 0
THREAD Store-load forwarding: 19 Thread id: 0
THREAD Branch Predictor Mispredictions: 279580 Thread id: 0
THREAD Branch Predictor OK predictions: 2108280 Thread id: 0
THREAD DTLB Hit: 10115058 Thread id: 0
THREAD DTLB Miss: 3057 Thread id: 0
