Total instruction: 26790387
Total cycles: 81307745
Total IPC: 0.329494
Total D-cache miss: 33373
Total D-cache hit: 8798506
Total data hazard: 6483494
Total control hazard : 2734783
Total DRAM ROW BUFFER Hit: 11223
Total DRAM ROW BUFFER Miss: 20213
Total Store-load forwarding: 16
Total Branch Predictor Mispredictions: 12679
Total Branch Predictor OK predictions: 2722104
Total DTLB Hit: 0
Total DTLB Miss: 0



THREAD instruction: 26790387 Thread id: 0
THREAD IPC: 0.329494
THREAD D-cache miss: 33373 Thread id: 0
THREAD D-cache hit: 8798506 Thread id: 0
THREAD data hazard: 6483494 Thread id: 0
THREAD control hazard : 2734783 Thread id: 0
THREAD Store-load forwarding: 16 Thread id: 0
THREAD Branch Predictor Mispredictions: 12679 Thread id: 0
THREAD Branch Predictor OK predictions: 2722104 Thread id: 0
THREAD DTLB Hit: 0 Thread id: 0
THREAD DTLB Miss: 0 Thread id: 0
