Total instruction: 19742295
Total cycles: 65762512
Total IPC: 0.300206
Total D-cache miss: 3314
Total D-cache hit: 10114801
Total data hazard: 1126295
Total control hazard : 2387860
Total DRAM ROW BUFFER Hit: 903
Total DRAM ROW BUFFER Miss: 532
Total Store-load forwarding: 19
Total Branch Predictor Mispredictions: 92106
Total Branch Predictor OK predictions: 2295754
Total DTLB Hit: 0
Total DTLB Miss: 0



THREAD instruction: 19742295 Thread id: 0
THREAD IPC: 0.300206
THREAD D-cache miss: 3314 Thread id: 0
THREAD D-cache hit: 10114801 Thread id: 0
THREAD data hazard: 1126295 Thread id: 0
THREAD control hazard : 2387860 Thread id: 0
THREAD Store-load forwarding: 19 Thread id: 0
THREAD Branch Predictor Mispredictions: 92106 Thread id: 0
THREAD Branch Predictor OK predictions: 2295754 Thread id: 0
THREAD DTLB Hit: 0 Thread id: 0
THREAD DTLB Miss: 0 Thread id: 0
