Total instruction: 26790387
Total cycles: 89646325
Total IPC: 0.298845
Total D-cache miss: 33463
Total D-cache hit: 10878992
Total data hazard: 6485846
Total control hazard : 2734783
Total DRAM ROW BUFFER Hit: 11200
Total DRAM ROW BUFFER Miss: 20320
Total Store-load forwarding: 16
Total Branch Predictor Mispredictions: 12193
Total Branch Predictor OK predictions: 2722590
Total DTLB Hit: 6751319
Total DTLB Miss: 2080561



THREAD instruction: 26790387 Thread id: 0
THREAD IPC: 0.298845
THREAD D-cache miss: 33463 Thread id: 0
THREAD D-cache hit: 10878992 Thread id: 0
THREAD data hazard: 6485846 Thread id: 0
THREAD control hazard : 2734783 Thread id: 0
THREAD Store-load forwarding: 16 Thread id: 0
THREAD Branch Predictor Mispredictions: 12193 Thread id: 0
THREAD Branch Predictor OK predictions: 2722590 Thread id: 0
THREAD DTLB Hit: 6751319 Thread id: 0
THREAD DTLB Miss: 2080561 Thread id: 0
